[2023-12-13 00:00:11] local.ERROR: Cannot redeclare getLoggedInUserId() (previously declared in C:\xampp\htdocs\InfiniteWellnessPk\app\helpers.php:31) {"exception":"[object] (Symfony\\Component\\ErrorHandler\\Error\\FatalError(code: 0): Cannot redeclare getLoggedInUserId() (previously declared in C:\\xampp\\htdocs\\InfiniteWellnessPk\\app\\helpers.php:31) at C:\\xampp\\htdocs\\InfiniteWellnessPk\\app\\helpers.php:29)
[stacktrace]
#0 {main}
"} 
[2023-12-13 00:01:10] local.ERROR: Cannot redeclare getLoggedInUserId() (previously declared in C:\xampp\htdocs\InfiniteWellnessPk\app\helpers.php:31) {"exception":"[object] (Symfony\\Component\\ErrorHandler\\Error\\FatalError(code: 0): Cannot redeclare getLoggedInUserId() (previously declared in C:\\xampp\\htdocs\\InfiniteWellnessPk\\app\\helpers.php:31) at C:\\xampp\\htdocs\\InfiniteWellnessPk\\app\\helpers.php:29)
[stacktrace]
#0 {main}
"} 
[2023-12-13 00:02:10] local.ERROR: Cannot redeclare getLoggedInUserId() (previously declared in C:\xampp\htdocs\InfiniteWellnessPk\app\helpers.php:31) {"exception":"[object] (Symfony\\Component\\ErrorHandler\\Error\\FatalError(code: 0): Cannot redeclare getLoggedInUserId() (previously declared in C:\\xampp\\htdocs\\InfiniteWellnessPk\\app\\helpers.php:31) at C:\\xampp\\htdocs\\InfiniteWellnessPk\\app\\helpers.php:29)
[stacktrace]
#0 {main}
"} 
[2023-12-13 00:03:10] local.ERROR: Cannot redeclare getLoggedInUserId() (previously declared in C:\xampp\htdocs\InfiniteWellnessPk\app\helpers.php:31) {"exception":"[object] (Symfony\\Component\\ErrorHandler\\Error\\FatalError(code: 0): Cannot redeclare getLoggedInUserId() (previously declared in C:\\xampp\\htdocs\\InfiniteWellnessPk\\app\\helpers.php:31) at C:\\xampp\\htdocs\\InfiniteWellnessPk\\app\\helpers.php:29)
[stacktrace]
#0 {main}
"} 
[2023-12-13 00:04:10] local.ERROR: Cannot redeclare getLoggedInUserId() (previously declared in C:\xampp\htdocs\InfiniteWellnessPk\app\helpers.php:31) {"exception":"[object] (Symfony\\Component\\ErrorHandler\\Error\\FatalError(code: 0): Cannot redeclare getLoggedInUserId() (previously declared in C:\\xampp\\htdocs\\InfiniteWellnessPk\\app\\helpers.php:31) at C:\\xampp\\htdocs\\InfiniteWellnessPk\\app\\helpers.php:29)
[stacktrace]
#0 {main}
"} 
[2023-12-13 00:05:10] local.ERROR: Cannot redeclare getLoggedInUserId() (previously declared in C:\xampp\htdocs\InfiniteWellnessPk\app\helpers.php:31) {"exception":"[object] (Symfony\\Component\\ErrorHandler\\Error\\FatalError(code: 0): Cannot redeclare getLoggedInUserId() (previously declared in C:\\xampp\\htdocs\\InfiniteWellnessPk\\app\\helpers.php:31) at C:\\xampp\\htdocs\\InfiniteWellnessPk\\app\\helpers.php:29)
[stacktrace]
#0 {main}
"} 
[2023-12-13 00:06:10] local.ERROR: Cannot redeclare getLoggedInUserId() (previously declared in C:\xampp\htdocs\InfiniteWellnessPk\app\helpers.php:31) {"exception":"[object] (Symfony\\Component\\ErrorHandler\\Error\\FatalError(code: 0): Cannot redeclare getLoggedInUserId() (previously declared in C:\\xampp\\htdocs\\InfiniteWellnessPk\\app\\helpers.php:31) at C:\\xampp\\htdocs\\InfiniteWellnessPk\\app\\helpers.php:29)
[stacktrace]
#0 {main}
"} 
[2023-12-13 00:07:11] local.ERROR: Cannot redeclare getLoggedInUserId() (previously declared in C:\xampp\htdocs\InfiniteWellnessPk\app\helpers.php:31) {"exception":"[object] (Symfony\\Component\\ErrorHandler\\Error\\FatalError(code: 0): Cannot redeclare getLoggedInUserId() (previously declared in C:\\xampp\\htdocs\\InfiniteWellnessPk\\app\\helpers.php:31) at C:\\xampp\\htdocs\\InfiniteWellnessPk\\app\\helpers.php:29)
[stacktrace]
#0 {main}
"} 
[2023-12-13 00:08:11] local.ERROR: Cannot redeclare getLoggedInUserId() (previously declared in C:\xampp\htdocs\InfiniteWellnessPk\app\helpers.php:31) {"exception":"[object] (Symfony\\Component\\ErrorHandler\\Error\\FatalError(code: 0): Cannot redeclare getLoggedInUserId() (previously declared in C:\\xampp\\htdocs\\InfiniteWellnessPk\\app\\helpers.php:31) at C:\\xampp\\htdocs\\InfiniteWellnessPk\\app\\helpers.php:29)
[stacktrace]
#0 {main}
"} 
[2023-12-13 00:30:11] local.ERROR: Cannot redeclare getLoggedInUserId() (previously declared in C:\xampp\htdocs\InfiniteWellnessPk\app\helpers.php:31) {"exception":"[object] (Symfony\\Component\\ErrorHandler\\Error\\FatalError(code: 0): Cannot redeclare getLoggedInUserId() (previously declared in C:\\xampp\\htdocs\\InfiniteWellnessPk\\app\\helpers.php:31) at C:\\xampp\\htdocs\\InfiniteWellnessPk\\app\\helpers.php:29)
[stacktrace]
#0 {main}
"} 
[2023-12-13 00:31:11] local.ERROR: Cannot redeclare getLoggedInUserId() (previously declared in C:\xampp\htdocs\InfiniteWellnessPk\app\helpers.php:31) {"exception":"[object] (Symfony\\Component\\ErrorHandler\\Error\\FatalError(code: 0): Cannot redeclare getLoggedInUserId() (previously declared in C:\\xampp\\htdocs\\InfiniteWellnessPk\\app\\helpers.php:31) at C:\\xampp\\htdocs\\InfiniteWellnessPk\\app\\helpers.php:29)
[stacktrace]
#0 {main}
"} 
[2023-12-13 00:32:11] local.ERROR: Cannot redeclare getLoggedInUserId() (previously declared in C:\xampp\htdocs\InfiniteWellnessPk\app\helpers.php:31) {"exception":"[object] (Symfony\\Component\\ErrorHandler\\Error\\FatalError(code: 0): Cannot redeclare getLoggedInUserId() (previously declared in C:\\xampp\\htdocs\\InfiniteWellnessPk\\app\\helpers.php:31) at C:\\xampp\\htdocs\\InfiniteWellnessPk\\app\\helpers.php:29)
[stacktrace]
#0 {main}
"} 
[2023-12-13 00:33:11] local.ERROR: Cannot redeclare getLoggedInUserId() (previously declared in C:\xampp\htdocs\InfiniteWellnessPk\app\helpers.php:31) {"exception":"[object] (Symfony\\Component\\ErrorHandler\\Error\\FatalError(code: 0): Cannot redeclare getLoggedInUserId() (previously declared in C:\\xampp\\htdocs\\InfiniteWellnessPk\\app\\helpers.php:31) at C:\\xampp\\htdocs\\InfiniteWellnessPk\\app\\helpers.php:29)
[stacktrace]
#0 {main}
"} 
[2023-12-13 00:34:11] local.ERROR: Cannot redeclare getLoggedInUserId() (previously declared in C:\xampp\htdocs\InfiniteWellnessPk\app\helpers.php:31) {"exception":"[object] (Symfony\\Component\\ErrorHandler\\Error\\FatalError(code: 0): Cannot redeclare getLoggedInUserId() (previously declared in C:\\xampp\\htdocs\\InfiniteWellnessPk\\app\\helpers.php:31) at C:\\xampp\\htdocs\\InfiniteWellnessPk\\app\\helpers.php:29)
[stacktrace]
#0 {main}
"} 
[2023-12-13 00:35:11] local.ERROR: Cannot redeclare getLoggedInUserId() (previously declared in C:\xampp\htdocs\InfiniteWellnessPk\app\helpers.php:31) {"exception":"[object] (Symfony\\Component\\ErrorHandler\\Error\\FatalError(code: 0): Cannot redeclare getLoggedInUserId() (previously declared in C:\\xampp\\htdocs\\InfiniteWellnessPk\\app\\helpers.php:31) at C:\\xampp\\htdocs\\InfiniteWellnessPk\\app\\helpers.php:29)
[stacktrace]
#0 {main}
"} 
[2023-12-13 00:36:11] local.ERROR: Cannot redeclare getLoggedInUserId() (previously declared in C:\xampp\htdocs\InfiniteWellnessPk\app\helpers.php:31) {"exception":"[object] (Symfony\\Component\\ErrorHandler\\Error\\FatalError(code: 0): Cannot redeclare getLoggedInUserId() (previously declared in C:\\xampp\\htdocs\\InfiniteWellnessPk\\app\\helpers.php:31) at C:\\xampp\\htdocs\\InfiniteWellnessPk\\app\\helpers.php:29)
[stacktrace]
#0 {main}
"} 
[2023-12-13 00:37:11] local.ERROR: Cannot redeclare getLoggedInUserId() (previously declared in C:\xampp\htdocs\InfiniteWellnessPk\app\helpers.php:31) {"exception":"[object] (Symfony\\Component\\ErrorHandler\\Error\\FatalError(code: 0): Cannot redeclare getLoggedInUserId() (previously declared in C:\\xampp\\htdocs\\InfiniteWellnessPk\\app\\helpers.php:31) at C:\\xampp\\htdocs\\InfiniteWellnessPk\\app\\helpers.php:29)
[stacktrace]
#0 {main}
"} 
[2023-12-13 00:38:11] local.ERROR: Cannot redeclare getLoggedInUserId() (previously declared in C:\xampp\htdocs\InfiniteWellnessPk\app\helpers.php:31) {"exception":"[object] (Symfony\\Component\\ErrorHandler\\Error\\FatalError(code: 0): Cannot redeclare getLoggedInUserId() (previously declared in C:\\xampp\\htdocs\\InfiniteWellnessPk\\app\\helpers.php:31) at C:\\xampp\\htdocs\\InfiniteWellnessPk\\app\\helpers.php:29)
[stacktrace]
#0 {main}
"} 
[2023-12-13 00:39:11] local.ERROR: Cannot redeclare getLoggedInUserId() (previously declared in C:\xampp\htdocs\InfiniteWellnessPk\app\helpers.php:31) {"exception":"[object] (Symfony\\Component\\ErrorHandler\\Error\\FatalError(code: 0): Cannot redeclare getLoggedInUserId() (previously declared in C:\\xampp\\htdocs\\InfiniteWellnessPk\\app\\helpers.php:31) at C:\\xampp\\htdocs\\InfiniteWellnessPk\\app\\helpers.php:29)
[stacktrace]
#0 {main}
"} 
[2023-12-13 00:40:11] local.ERROR: Cannot redeclare getLoggedInUserId() (previously declared in C:\xampp\htdocs\InfiniteWellnessPk\app\helpers.php:31) {"exception":"[object] (Symfony\\Component\\ErrorHandler\\Error\\FatalError(code: 0): Cannot redeclare getLoggedInUserId() (previously declared in C:\\xampp\\htdocs\\InfiniteWellnessPk\\app\\helpers.php:31) at C:\\xampp\\htdocs\\InfiniteWellnessPk\\app\\helpers.php:29)
[stacktrace]
#0 {main}
"} 
[2023-12-13 00:41:11] local.ERROR: Cannot redeclare getLoggedInUserId() (previously declared in C:\xampp\htdocs\InfiniteWellnessPk\app\helpers.php:31) {"exception":"[object] (Symfony\\Component\\ErrorHandler\\Error\\FatalError(code: 0): Cannot redeclare getLoggedInUserId() (previously declared in C:\\xampp\\htdocs\\InfiniteWellnessPk\\app\\helpers.php:31) at C:\\xampp\\htdocs\\InfiniteWellnessPk\\app\\helpers.php:29)
[stacktrace]
#0 {main}
"} 
[2023-12-13 00:42:11] local.ERROR: Cannot redeclare getLoggedInUserId() (previously declared in C:\xampp\htdocs\InfiniteWellnessPk\app\helpers.php:31) {"exception":"[object] (Symfony\\Component\\ErrorHandler\\Error\\FatalError(code: 0): Cannot redeclare getLoggedInUserId() (previously declared in C:\\xampp\\htdocs\\InfiniteWellnessPk\\app\\helpers.php:31) at C:\\xampp\\htdocs\\InfiniteWellnessPk\\app\\helpers.php:29)
[stacktrace]
#0 {main}
"} 
[2023-12-13 00:43:11] local.ERROR: Cannot redeclare getLoggedInUserId() (previously declared in C:\xampp\htdocs\InfiniteWellnessPk\app\helpers.php:31) {"exception":"[object] (Symfony\\Component\\ErrorHandler\\Error\\FatalError(code: 0): Cannot redeclare getLoggedInUserId() (previously declared in C:\\xampp\\htdocs\\InfiniteWellnessPk\\app\\helpers.php:31) at C:\\xampp\\htdocs\\InfiniteWellnessPk\\app\\helpers.php:29)
[stacktrace]
#0 {main}
"} 
[2023-12-13 00:44:11] local.ERROR: Cannot redeclare getLoggedInUserId() (previously declared in C:\xampp\htdocs\InfiniteWellnessPk\app\helpers.php:31) {"exception":"[object] (Symfony\\Component\\ErrorHandler\\Error\\FatalError(code: 0): Cannot redeclare getLoggedInUserId() (previously declared in C:\\xampp\\htdocs\\InfiniteWellnessPk\\app\\helpers.php:31) at C:\\xampp\\htdocs\\InfiniteWellnessPk\\app\\helpers.php:29)
[stacktrace]
#0 {main}
"} 
[2023-12-13 00:45:11] local.ERROR: Cannot redeclare getLoggedInUserId() (previously declared in C:\xampp\htdocs\InfiniteWellnessPk\app\helpers.php:31) {"exception":"[object] (Symfony\\Component\\ErrorHandler\\Error\\FatalError(code: 0): Cannot redeclare getLoggedInUserId() (previously declared in C:\\xampp\\htdocs\\InfiniteWellnessPk\\app\\helpers.php:31) at C:\\xampp\\htdocs\\InfiniteWellnessPk\\app\\helpers.php:29)
[stacktrace]
#0 {main}
"} 
[2023-12-13 00:46:11] local.ERROR: Cannot redeclare getLoggedInUserId() (previously declared in C:\xampp\htdocs\InfiniteWellnessPk\app\helpers.php:31) {"exception":"[object] (Symfony\\Component\\ErrorHandler\\Error\\FatalError(code: 0): Cannot redeclare getLoggedInUserId() (previously declared in C:\\xampp\\htdocs\\InfiniteWellnessPk\\app\\helpers.php:31) at C:\\xampp\\htdocs\\InfiniteWellnessPk\\app\\helpers.php:29)
[stacktrace]
#0 {main}
"} 
[2023-12-13 00:47:11] local.ERROR: Cannot redeclare getLoggedInUserId() (previously declared in C:\xampp\htdocs\InfiniteWellnessPk\app\helpers.php:31) {"exception":"[object] (Symfony\\Component\\ErrorHandler\\Error\\FatalError(code: 0): Cannot redeclare getLoggedInUserId() (previously declared in C:\\xampp\\htdocs\\InfiniteWellnessPk\\app\\helpers.php:31) at C:\\xampp\\htdocs\\InfiniteWellnessPk\\app\\helpers.php:29)
[stacktrace]
#0 {main}
"} 
[2023-12-13 00:48:11] local.ERROR: Cannot redeclare getLoggedInUserId() (previously declared in C:\xampp\htdocs\InfiniteWellnessPk\app\helpers.php:31) {"exception":"[object] (Symfony\\Component\\ErrorHandler\\Error\\FatalError(code: 0): Cannot redeclare getLoggedInUserId() (previously declared in C:\\xampp\\htdocs\\InfiniteWellnessPk\\app\\helpers.php:31) at C:\\xampp\\htdocs\\InfiniteWellnessPk\\app\\helpers.php:29)
[stacktrace]
#0 {main}
"} 
[2023-12-13 00:49:11] local.ERROR: Cannot redeclare getLoggedInUserId() (previously declared in C:\xampp\htdocs\InfiniteWellnessPk\app\helpers.php:31) {"exception":"[object] (Symfony\\Component\\ErrorHandler\\Error\\FatalError(code: 0): Cannot redeclare getLoggedInUserId() (previously declared in C:\\xampp\\htdocs\\InfiniteWellnessPk\\app\\helpers.php:31) at C:\\xampp\\htdocs\\InfiniteWellnessPk\\app\\helpers.php:29)
[stacktrace]
#0 {main}
"} 
[2023-12-13 00:50:11] local.ERROR: Cannot redeclare getLoggedInUserId() (previously declared in C:\xampp\htdocs\InfiniteWellnessPk\app\helpers.php:31) {"exception":"[object] (Symfony\\Component\\ErrorHandler\\Error\\FatalError(code: 0): Cannot redeclare getLoggedInUserId() (previously declared in C:\\xampp\\htdocs\\InfiniteWellnessPk\\app\\helpers.php:31) at C:\\xampp\\htdocs\\InfiniteWellnessPk\\app\\helpers.php:29)
[stacktrace]
#0 {main}
"} 
[2023-12-13 00:51:11] local.ERROR: Cannot redeclare getLoggedInUserId() (previously declared in C:\xampp\htdocs\InfiniteWellnessPk\app\helpers.php:31) {"exception":"[object] (Symfony\\Component\\ErrorHandler\\Error\\FatalError(code: 0): Cannot redeclare getLoggedInUserId() (previously declared in C:\\xampp\\htdocs\\InfiniteWellnessPk\\app\\helpers.php:31) at C:\\xampp\\htdocs\\InfiniteWellnessPk\\app\\helpers.php:29)
[stacktrace]
#0 {main}
"} 
[2023-12-13 00:52:11] local.ERROR: Cannot redeclare getLoggedInUserId() (previously declared in C:\xampp\htdocs\InfiniteWellnessPk\app\helpers.php:31) {"exception":"[object] (Symfony\\Component\\ErrorHandler\\Error\\FatalError(code: 0): Cannot redeclare getLoggedInUserId() (previously declared in C:\\xampp\\htdocs\\InfiniteWellnessPk\\app\\helpers.php:31) at C:\\xampp\\htdocs\\InfiniteWellnessPk\\app\\helpers.php:29)
[stacktrace]
#0 {main}
"} 
[2023-12-13 00:53:11] local.ERROR: Cannot redeclare getLoggedInUserId() (previously declared in C:\xampp\htdocs\InfiniteWellnessPk\app\helpers.php:31) {"exception":"[object] (Symfony\\Component\\ErrorHandler\\Error\\FatalError(code: 0): Cannot redeclare getLoggedInUserId() (previously declared in C:\\xampp\\htdocs\\InfiniteWellnessPk\\app\\helpers.php:31) at C:\\xampp\\htdocs\\InfiniteWellnessPk\\app\\helpers.php:29)
[stacktrace]
#0 {main}
"} 
[2023-12-13 00:54:11] local.ERROR: Cannot redeclare getLoggedInUserId() (previously declared in C:\xampp\htdocs\InfiniteWellnessPk\app\helpers.php:31) {"exception":"[object] (Symfony\\Component\\ErrorHandler\\Error\\FatalError(code: 0): Cannot redeclare getLoggedInUserId() (previously declared in C:\\xampp\\htdocs\\InfiniteWellnessPk\\app\\helpers.php:31) at C:\\xampp\\htdocs\\InfiniteWellnessPk\\app\\helpers.php:29)
[stacktrace]
#0 {main}
"} 
[2023-12-13 00:55:11] local.ERROR: Cannot redeclare getLoggedInUserId() (previously declared in C:\xampp\htdocs\InfiniteWellnessPk\app\helpers.php:31) {"exception":"[object] (Symfony\\Component\\ErrorHandler\\Error\\FatalError(code: 0): Cannot redeclare getLoggedInUserId() (previously declared in C:\\xampp\\htdocs\\InfiniteWellnessPk\\app\\helpers.php:31) at C:\\xampp\\htdocs\\InfiniteWellnessPk\\app\\helpers.php:29)
[stacktrace]
#0 {main}
"} 
[2023-12-13 00:56:11] local.ERROR: Cannot redeclare getLoggedInUserId() (previously declared in C:\xampp\htdocs\InfiniteWellnessPk\app\helpers.php:31) {"exception":"[object] (Symfony\\Component\\ErrorHandler\\Error\\FatalError(code: 0): Cannot redeclare getLoggedInUserId() (previously declared in C:\\xampp\\htdocs\\InfiniteWellnessPk\\app\\helpers.php:31) at C:\\xampp\\htdocs\\InfiniteWellnessPk\\app\\helpers.php:29)
[stacktrace]
#0 {main}
"} 
[2023-12-13 00:57:11] local.ERROR: Cannot redeclare getLoggedInUserId() (previously declared in C:\xampp\htdocs\InfiniteWellnessPk\app\helpers.php:31) {"exception":"[object] (Symfony\\Component\\ErrorHandler\\Error\\FatalError(code: 0): Cannot redeclare getLoggedInUserId() (previously declared in C:\\xampp\\htdocs\\InfiniteWellnessPk\\app\\helpers.php:31) at C:\\xampp\\htdocs\\InfiniteWellnessPk\\app\\helpers.php:29)
[stacktrace]
#0 {main}
"} 
[2023-12-13 00:58:11] local.ERROR: Cannot redeclare getLoggedInUserId() (previously declared in C:\xampp\htdocs\InfiniteWellnessPk\app\helpers.php:31) {"exception":"[object] (Symfony\\Component\\ErrorHandler\\Error\\FatalError(code: 0): Cannot redeclare getLoggedInUserId() (previously declared in C:\\xampp\\htdocs\\InfiniteWellnessPk\\app\\helpers.php:31) at C:\\xampp\\htdocs\\InfiniteWellnessPk\\app\\helpers.php:29)
[stacktrace]
#0 {main}
"} 
[2023-12-13 00:59:11] local.ERROR: Cannot redeclare getLoggedInUserId() (previously declared in C:\xampp\htdocs\InfiniteWellnessPk\app\helpers.php:31) {"exception":"[object] (Symfony\\Component\\ErrorHandler\\Error\\FatalError(code: 0): Cannot redeclare getLoggedInUserId() (previously declared in C:\\xampp\\htdocs\\InfiniteWellnessPk\\app\\helpers.php:31) at C:\\xampp\\htdocs\\InfiniteWellnessPk\\app\\helpers.php:29)
[stacktrace]
#0 {main}
"} 
[2023-12-13 01:00:11] local.ERROR: Cannot redeclare getLoggedInUserId() (previously declared in C:\xampp\htdocs\InfiniteWellnessPk\app\helpers.php:31) {"exception":"[object] (Symfony\\Component\\ErrorHandler\\Error\\FatalError(code: 0): Cannot redeclare getLoggedInUserId() (previously declared in C:\\xampp\\htdocs\\InfiniteWellnessPk\\app\\helpers.php:31) at C:\\xampp\\htdocs\\InfiniteWellnessPk\\app\\helpers.php:29)
[stacktrace]
#0 {main}
"} 
[2023-12-13 01:01:11] local.ERROR: Cannot redeclare getLoggedInUserId() (previously declared in C:\xampp\htdocs\InfiniteWellnessPk\app\helpers.php:31) {"exception":"[object] (Symfony\\Component\\ErrorHandler\\Error\\FatalError(code: 0): Cannot redeclare getLoggedInUserId() (previously declared in C:\\xampp\\htdocs\\InfiniteWellnessPk\\app\\helpers.php:31) at C:\\xampp\\htdocs\\InfiniteWellnessPk\\app\\helpers.php:29)
[stacktrace]
#0 {main}
"} 
[2023-12-13 01:02:11] local.ERROR: Cannot redeclare getLoggedInUserId() (previously declared in C:\xampp\htdocs\InfiniteWellnessPk\app\helpers.php:31) {"exception":"[object] (Symfony\\Component\\ErrorHandler\\Error\\FatalError(code: 0): Cannot redeclare getLoggedInUserId() (previously declared in C:\\xampp\\htdocs\\InfiniteWellnessPk\\app\\helpers.php:31) at C:\\xampp\\htdocs\\InfiniteWellnessPk\\app\\helpers.php:29)
[stacktrace]
#0 {main}
"} 
[2023-12-13 01:03:11] local.ERROR: Cannot redeclare getLoggedInUserId() (previously declared in C:\xampp\htdocs\InfiniteWellnessPk\app\helpers.php:31) {"exception":"[object] (Symfony\\Component\\ErrorHandler\\Error\\FatalError(code: 0): Cannot redeclare getLoggedInUserId() (previously declared in C:\\xampp\\htdocs\\InfiniteWellnessPk\\app\\helpers.php:31) at C:\\xampp\\htdocs\\InfiniteWellnessPk\\app\\helpers.php:29)
[stacktrace]
#0 {main}
"} 
[2023-12-13 01:04:11] local.ERROR: Cannot redeclare getLoggedInUserId() (previously declared in C:\xampp\htdocs\InfiniteWellnessPk\app\helpers.php:31) {"exception":"[object] (Symfony\\Component\\ErrorHandler\\Error\\FatalError(code: 0): Cannot redeclare getLoggedInUserId() (previously declared in C:\\xampp\\htdocs\\InfiniteWellnessPk\\app\\helpers.php:31) at C:\\xampp\\htdocs\\InfiniteWellnessPk\\app\\helpers.php:29)
[stacktrace]
#0 {main}
"} 
[2023-12-13 01:05:11] local.ERROR: Cannot redeclare getLoggedInUserId() (previously declared in C:\xampp\htdocs\InfiniteWellnessPk\app\helpers.php:31) {"exception":"[object] (Symfony\\Component\\ErrorHandler\\Error\\FatalError(code: 0): Cannot redeclare getLoggedInUserId() (previously declared in C:\\xampp\\htdocs\\InfiniteWellnessPk\\app\\helpers.php:31) at C:\\xampp\\htdocs\\InfiniteWellnessPk\\app\\helpers.php:29)
[stacktrace]
#0 {main}
"} 
[2023-12-13 01:06:11] local.ERROR: Cannot redeclare getLoggedInUserId() (previously declared in C:\xampp\htdocs\InfiniteWellnessPk\app\helpers.php:31) {"exception":"[object] (Symfony\\Component\\ErrorHandler\\Error\\FatalError(code: 0): Cannot redeclare getLoggedInUserId() (previously declared in C:\\xampp\\htdocs\\InfiniteWellnessPk\\app\\helpers.php:31) at C:\\xampp\\htdocs\\InfiniteWellnessPk\\app\\helpers.php:29)
[stacktrace]
#0 {main}
"} 
[2023-12-13 01:07:11] local.ERROR: Cannot redeclare getLoggedInUserId() (previously declared in C:\xampp\htdocs\InfiniteWellnessPk\app\helpers.php:31) {"exception":"[object] (Symfony\\Component\\ErrorHandler\\Error\\FatalError(code: 0): Cannot redeclare getLoggedInUserId() (previously declared in C:\\xampp\\htdocs\\InfiniteWellnessPk\\app\\helpers.php:31) at C:\\xampp\\htdocs\\InfiniteWellnessPk\\app\\helpers.php:29)
[stacktrace]
#0 {main}
"} 
[2023-12-13 01:08:11] local.ERROR: Cannot redeclare getLoggedInUserId() (previously declared in C:\xampp\htdocs\InfiniteWellnessPk\app\helpers.php:31) {"exception":"[object] (Symfony\\Component\\ErrorHandler\\Error\\FatalError(code: 0): Cannot redeclare getLoggedInUserId() (previously declared in C:\\xampp\\htdocs\\InfiniteWellnessPk\\app\\helpers.php:31) at C:\\xampp\\htdocs\\InfiniteWellnessPk\\app\\helpers.php:29)
[stacktrace]
#0 {main}
"} 
[2023-12-13 01:09:11] local.ERROR: Cannot redeclare getLoggedInUserId() (previously declared in C:\xampp\htdocs\InfiniteWellnessPk\app\helpers.php:31) {"exception":"[object] (Symfony\\Component\\ErrorHandler\\Error\\FatalError(code: 0): Cannot redeclare getLoggedInUserId() (previously declared in C:\\xampp\\htdocs\\InfiniteWellnessPk\\app\\helpers.php:31) at C:\\xampp\\htdocs\\InfiniteWellnessPk\\app\\helpers.php:29)
[stacktrace]
#0 {main}
"} 
[2023-12-13 01:10:11] local.ERROR: Cannot redeclare getLoggedInUserId() (previously declared in C:\xampp\htdocs\InfiniteWellnessPk\app\helpers.php:31) {"exception":"[object] (Symfony\\Component\\ErrorHandler\\Error\\FatalError(code: 0): Cannot redeclare getLoggedInUserId() (previously declared in C:\\xampp\\htdocs\\InfiniteWellnessPk\\app\\helpers.php:31) at C:\\xampp\\htdocs\\InfiniteWellnessPk\\app\\helpers.php:29)
[stacktrace]
#0 {main}
"} 
[2023-12-13 01:11:11] local.ERROR: Cannot redeclare getLoggedInUserId() (previously declared in C:\xampp\htdocs\InfiniteWellnessPk\app\helpers.php:31) {"exception":"[object] (Symfony\\Component\\ErrorHandler\\Error\\FatalError(code: 0): Cannot redeclare getLoggedInUserId() (previously declared in C:\\xampp\\htdocs\\InfiniteWellnessPk\\app\\helpers.php:31) at C:\\xampp\\htdocs\\InfiniteWellnessPk\\app\\helpers.php:29)
[stacktrace]
#0 {main}
"} 
[2023-12-13 01:12:11] local.ERROR: Cannot redeclare getLoggedInUserId() (previously declared in C:\xampp\htdocs\InfiniteWellnessPk\app\helpers.php:31) {"exception":"[object] (Symfony\\Component\\ErrorHandler\\Error\\FatalError(code: 0): Cannot redeclare getLoggedInUserId() (previously declared in C:\\xampp\\htdocs\\InfiniteWellnessPk\\app\\helpers.php:31) at C:\\xampp\\htdocs\\InfiniteWellnessPk\\app\\helpers.php:29)
[stacktrace]
#0 {main}
"} 
[2023-12-13 01:13:11] local.ERROR: Cannot redeclare getLoggedInUserId() (previously declared in C:\xampp\htdocs\InfiniteWellnessPk\app\helpers.php:31) {"exception":"[object] (Symfony\\Component\\ErrorHandler\\Error\\FatalError(code: 0): Cannot redeclare getLoggedInUserId() (previously declared in C:\\xampp\\htdocs\\InfiniteWellnessPk\\app\\helpers.php:31) at C:\\xampp\\htdocs\\InfiniteWellnessPk\\app\\helpers.php:29)
[stacktrace]
#0 {main}
"} 
[2023-12-13 01:14:11] local.ERROR: Cannot redeclare getLoggedInUserId() (previously declared in C:\xampp\htdocs\InfiniteWellnessPk\app\helpers.php:31) {"exception":"[object] (Symfony\\Component\\ErrorHandler\\Error\\FatalError(code: 0): Cannot redeclare getLoggedInUserId() (previously declared in C:\\xampp\\htdocs\\InfiniteWellnessPk\\app\\helpers.php:31) at C:\\xampp\\htdocs\\InfiniteWellnessPk\\app\\helpers.php:29)
[stacktrace]
#0 {main}
"} 
[2023-12-13 01:15:11] local.ERROR: Cannot redeclare getLoggedInUserId() (previously declared in C:\xampp\htdocs\InfiniteWellnessPk\app\helpers.php:31) {"exception":"[object] (Symfony\\Component\\ErrorHandler\\Error\\FatalError(code: 0): Cannot redeclare getLoggedInUserId() (previously declared in C:\\xampp\\htdocs\\InfiniteWellnessPk\\app\\helpers.php:31) at C:\\xampp\\htdocs\\InfiniteWellnessPk\\app\\helpers.php:29)
[stacktrace]
#0 {main}
"} 
[2023-12-13 01:16:11] local.ERROR: Cannot redeclare getLoggedInUserId() (previously declared in C:\xampp\htdocs\InfiniteWellnessPk\app\helpers.php:31) {"exception":"[object] (Symfony\\Component\\ErrorHandler\\Error\\FatalError(code: 0): Cannot redeclare getLoggedInUserId() (previously declared in C:\\xampp\\htdocs\\InfiniteWellnessPk\\app\\helpers.php:31) at C:\\xampp\\htdocs\\InfiniteWellnessPk\\app\\helpers.php:29)
[stacktrace]
#0 {main}
"} 
[2023-12-13 01:17:11] local.ERROR: Cannot redeclare getLoggedInUserId() (previously declared in C:\xampp\htdocs\InfiniteWellnessPk\app\helpers.php:31) {"exception":"[object] (Symfony\\Component\\ErrorHandler\\Error\\FatalError(code: 0): Cannot redeclare getLoggedInUserId() (previously declared in C:\\xampp\\htdocs\\InfiniteWellnessPk\\app\\helpers.php:31) at C:\\xampp\\htdocs\\InfiniteWellnessPk\\app\\helpers.php:29)
[stacktrace]
#0 {main}
"} 
[2023-12-13 01:18:11] local.ERROR: Cannot redeclare getLoggedInUserId() (previously declared in C:\xampp\htdocs\InfiniteWellnessPk\app\helpers.php:31) {"exception":"[object] (Symfony\\Component\\ErrorHandler\\Error\\FatalError(code: 0): Cannot redeclare getLoggedInUserId() (previously declared in C:\\xampp\\htdocs\\InfiniteWellnessPk\\app\\helpers.php:31) at C:\\xampp\\htdocs\\InfiniteWellnessPk\\app\\helpers.php:29)
[stacktrace]
#0 {main}
"} 
[2023-12-13 01:19:11] local.ERROR: Cannot redeclare getLoggedInUserId() (previously declared in C:\xampp\htdocs\InfiniteWellnessPk\app\helpers.php:31) {"exception":"[object] (Symfony\\Component\\ErrorHandler\\Error\\FatalError(code: 0): Cannot redeclare getLoggedInUserId() (previously declared in C:\\xampp\\htdocs\\InfiniteWellnessPk\\app\\helpers.php:31) at C:\\xampp\\htdocs\\InfiniteWellnessPk\\app\\helpers.php:29)
[stacktrace]
#0 {main}
"} 
[2023-12-13 01:20:11] local.ERROR: Cannot redeclare getLoggedInUserId() (previously declared in C:\xampp\htdocs\InfiniteWellnessPk\app\helpers.php:31) {"exception":"[object] (Symfony\\Component\\ErrorHandler\\Error\\FatalError(code: 0): Cannot redeclare getLoggedInUserId() (previously declared in C:\\xampp\\htdocs\\InfiniteWellnessPk\\app\\helpers.php:31) at C:\\xampp\\htdocs\\InfiniteWellnessPk\\app\\helpers.php:29)
[stacktrace]
#0 {main}
"} 
[2023-12-13 01:21:11] local.ERROR: Cannot redeclare getLoggedInUserId() (previously declared in C:\xampp\htdocs\InfiniteWellnessPk\app\helpers.php:31) {"exception":"[object] (Symfony\\Component\\ErrorHandler\\Error\\FatalError(code: 0): Cannot redeclare getLoggedInUserId() (previously declared in C:\\xampp\\htdocs\\InfiniteWellnessPk\\app\\helpers.php:31) at C:\\xampp\\htdocs\\InfiniteWellnessPk\\app\\helpers.php:29)
[stacktrace]
#0 {main}
"} 
[2023-12-13 01:22:11] local.ERROR: Cannot redeclare getLoggedInUserId() (previously declared in C:\xampp\htdocs\InfiniteWellnessPk\app\helpers.php:31) {"exception":"[object] (Symfony\\Component\\ErrorHandler\\Error\\FatalError(code: 0): Cannot redeclare getLoggedInUserId() (previously declared in C:\\xampp\\htdocs\\InfiniteWellnessPk\\app\\helpers.php:31) at C:\\xampp\\htdocs\\InfiniteWellnessPk\\app\\helpers.php:29)
[stacktrace]
#0 {main}
"} 
[2023-12-13 01:23:11] local.ERROR: Cannot redeclare getLoggedInUserId() (previously declared in C:\xampp\htdocs\InfiniteWellnessPk\app\helpers.php:31) {"exception":"[object] (Symfony\\Component\\ErrorHandler\\Error\\FatalError(code: 0): Cannot redeclare getLoggedInUserId() (previously declared in C:\\xampp\\htdocs\\InfiniteWellnessPk\\app\\helpers.php:31) at C:\\xampp\\htdocs\\InfiniteWellnessPk\\app\\helpers.php:29)
[stacktrace]
#0 {main}
"} 
[2023-12-13 01:24:11] local.ERROR: Cannot redeclare getLoggedInUserId() (previously declared in C:\xampp\htdocs\InfiniteWellnessPk\app\helpers.php:31) {"exception":"[object] (Symfony\\Component\\ErrorHandler\\Error\\FatalError(code: 0): Cannot redeclare getLoggedInUserId() (previously declared in C:\\xampp\\htdocs\\InfiniteWellnessPk\\app\\helpers.php:31) at C:\\xampp\\htdocs\\InfiniteWellnessPk\\app\\helpers.php:29)
[stacktrace]
#0 {main}
"} 
[2023-12-13 01:25:11] local.ERROR: Cannot redeclare getLoggedInUserId() (previously declared in C:\xampp\htdocs\InfiniteWellnessPk\app\helpers.php:31) {"exception":"[object] (Symfony\\Component\\ErrorHandler\\Error\\FatalError(code: 0): Cannot redeclare getLoggedInUserId() (previously declared in C:\\xampp\\htdocs\\InfiniteWellnessPk\\app\\helpers.php:31) at C:\\xampp\\htdocs\\InfiniteWellnessPk\\app\\helpers.php:29)
[stacktrace]
#0 {main}
"} 
[2023-12-13 01:26:11] local.ERROR: Cannot redeclare getLoggedInUserId() (previously declared in C:\xampp\htdocs\InfiniteWellnessPk\app\helpers.php:31) {"exception":"[object] (Symfony\\Component\\ErrorHandler\\Error\\FatalError(code: 0): Cannot redeclare getLoggedInUserId() (previously declared in C:\\xampp\\htdocs\\InfiniteWellnessPk\\app\\helpers.php:31) at C:\\xampp\\htdocs\\InfiniteWellnessPk\\app\\helpers.php:29)
[stacktrace]
#0 {main}
"} 
[2023-12-13 01:27:11] local.ERROR: Cannot redeclare getLoggedInUserId() (previously declared in C:\xampp\htdocs\InfiniteWellnessPk\app\helpers.php:31) {"exception":"[object] (Symfony\\Component\\ErrorHandler\\Error\\FatalError(code: 0): Cannot redeclare getLoggedInUserId() (previously declared in C:\\xampp\\htdocs\\InfiniteWellnessPk\\app\\helpers.php:31) at C:\\xampp\\htdocs\\InfiniteWellnessPk\\app\\helpers.php:29)
[stacktrace]
#0 {main}
"} 
[2023-12-13 01:28:11] local.ERROR: Cannot redeclare getLoggedInUserId() (previously declared in C:\xampp\htdocs\InfiniteWellnessPk\app\helpers.php:31) {"exception":"[object] (Symfony\\Component\\ErrorHandler\\Error\\FatalError(code: 0): Cannot redeclare getLoggedInUserId() (previously declared in C:\\xampp\\htdocs\\InfiniteWellnessPk\\app\\helpers.php:31) at C:\\xampp\\htdocs\\InfiniteWellnessPk\\app\\helpers.php:29)
[stacktrace]
#0 {main}
"} 
[2023-12-13 01:29:11] local.ERROR: Cannot redeclare getLoggedInUserId() (previously declared in C:\xampp\htdocs\InfiniteWellnessPk\app\helpers.php:31) {"exception":"[object] (Symfony\\Component\\ErrorHandler\\Error\\FatalError(code: 0): Cannot redeclare getLoggedInUserId() (previously declared in C:\\xampp\\htdocs\\InfiniteWellnessPk\\app\\helpers.php:31) at C:\\xampp\\htdocs\\InfiniteWellnessPk\\app\\helpers.php:29)
[stacktrace]
#0 {main}
"} 
[2023-12-13 01:30:11] local.ERROR: Cannot redeclare getLoggedInUserId() (previously declared in C:\xampp\htdocs\InfiniteWellnessPk\app\helpers.php:31) {"exception":"[object] (Symfony\\Component\\ErrorHandler\\Error\\FatalError(code: 0): Cannot redeclare getLoggedInUserId() (previously declared in C:\\xampp\\htdocs\\InfiniteWellnessPk\\app\\helpers.php:31) at C:\\xampp\\htdocs\\InfiniteWellnessPk\\app\\helpers.php:29)
[stacktrace]
#0 {main}
"} 
[2023-12-13 01:31:11] local.ERROR: Cannot redeclare getLoggedInUserId() (previously declared in C:\xampp\htdocs\InfiniteWellnessPk\app\helpers.php:31) {"exception":"[object] (Symfony\\Component\\ErrorHandler\\Error\\FatalError(code: 0): Cannot redeclare getLoggedInUserId() (previously declared in C:\\xampp\\htdocs\\InfiniteWellnessPk\\app\\helpers.php:31) at C:\\xampp\\htdocs\\InfiniteWellnessPk\\app\\helpers.php:29)
[stacktrace]
#0 {main}
"} 
[2023-12-13 01:32:11] local.ERROR: Cannot redeclare getLoggedInUserId() (previously declared in C:\xampp\htdocs\InfiniteWellnessPk\app\helpers.php:31) {"exception":"[object] (Symfony\\Component\\ErrorHandler\\Error\\FatalError(code: 0): Cannot redeclare getLoggedInUserId() (previously declared in C:\\xampp\\htdocs\\InfiniteWellnessPk\\app\\helpers.php:31) at C:\\xampp\\htdocs\\InfiniteWellnessPk\\app\\helpers.php:29)
[stacktrace]
#0 {main}
"} 
[2023-12-13 01:33:11] local.ERROR: Cannot redeclare getLoggedInUserId() (previously declared in C:\xampp\htdocs\InfiniteWellnessPk\app\helpers.php:31) {"exception":"[object] (Symfony\\Component\\ErrorHandler\\Error\\FatalError(code: 0): Cannot redeclare getLoggedInUserId() (previously declared in C:\\xampp\\htdocs\\InfiniteWellnessPk\\app\\helpers.php:31) at C:\\xampp\\htdocs\\InfiniteWellnessPk\\app\\helpers.php:29)
[stacktrace]
#0 {main}
"} 
[2023-12-13 01:34:11] local.ERROR: Cannot redeclare getLoggedInUserId() (previously declared in C:\xampp\htdocs\InfiniteWellnessPk\app\helpers.php:31) {"exception":"[object] (Symfony\\Component\\ErrorHandler\\Error\\FatalError(code: 0): Cannot redeclare getLoggedInUserId() (previously declared in C:\\xampp\\htdocs\\InfiniteWellnessPk\\app\\helpers.php:31) at C:\\xampp\\htdocs\\InfiniteWellnessPk\\app\\helpers.php:29)
[stacktrace]
#0 {main}
"} 
[2023-12-13 01:35:11] local.ERROR: Cannot redeclare getLoggedInUserId() (previously declared in C:\xampp\htdocs\InfiniteWellnessPk\app\helpers.php:31) {"exception":"[object] (Symfony\\Component\\ErrorHandler\\Error\\FatalError(code: 0): Cannot redeclare getLoggedInUserId() (previously declared in C:\\xampp\\htdocs\\InfiniteWellnessPk\\app\\helpers.php:31) at C:\\xampp\\htdocs\\InfiniteWellnessPk\\app\\helpers.php:29)
[stacktrace]
#0 {main}
"} 
[2023-12-13 01:36:11] local.ERROR: Cannot redeclare getLoggedInUserId() (previously declared in C:\xampp\htdocs\InfiniteWellnessPk\app\helpers.php:31) {"exception":"[object] (Symfony\\Component\\ErrorHandler\\Error\\FatalError(code: 0): Cannot redeclare getLoggedInUserId() (previously declared in C:\\xampp\\htdocs\\InfiniteWellnessPk\\app\\helpers.php:31) at C:\\xampp\\htdocs\\InfiniteWellnessPk\\app\\helpers.php:29)
[stacktrace]
#0 {main}
"} 
[2023-12-13 01:37:11] local.ERROR: Cannot redeclare getLoggedInUserId() (previously declared in C:\xampp\htdocs\InfiniteWellnessPk\app\helpers.php:31) {"exception":"[object] (Symfony\\Component\\ErrorHandler\\Error\\FatalError(code: 0): Cannot redeclare getLoggedInUserId() (previously declared in C:\\xampp\\htdocs\\InfiniteWellnessPk\\app\\helpers.php:31) at C:\\xampp\\htdocs\\InfiniteWellnessPk\\app\\helpers.php:29)
[stacktrace]
#0 {main}
"} 
[2023-12-13 01:38:11] local.ERROR: Cannot redeclare getLoggedInUserId() (previously declared in C:\xampp\htdocs\InfiniteWellnessPk\app\helpers.php:31) {"exception":"[object] (Symfony\\Component\\ErrorHandler\\Error\\FatalError(code: 0): Cannot redeclare getLoggedInUserId() (previously declared in C:\\xampp\\htdocs\\InfiniteWellnessPk\\app\\helpers.php:31) at C:\\xampp\\htdocs\\InfiniteWellnessPk\\app\\helpers.php:29)
[stacktrace]
#0 {main}
"} 
[2023-12-13 01:39:11] local.ERROR: Cannot redeclare getLoggedInUserId() (previously declared in C:\xampp\htdocs\InfiniteWellnessPk\app\helpers.php:31) {"exception":"[object] (Symfony\\Component\\ErrorHandler\\Error\\FatalError(code: 0): Cannot redeclare getLoggedInUserId() (previously declared in C:\\xampp\\htdocs\\InfiniteWellnessPk\\app\\helpers.php:31) at C:\\xampp\\htdocs\\InfiniteWellnessPk\\app\\helpers.php:29)
[stacktrace]
#0 {main}
"} 
[2023-12-13 01:40:11] local.ERROR: Cannot redeclare getLoggedInUserId() (previously declared in C:\xampp\htdocs\InfiniteWellnessPk\app\helpers.php:31) {"exception":"[object] (Symfony\\Component\\ErrorHandler\\Error\\FatalError(code: 0): Cannot redeclare getLoggedInUserId() (previously declared in C:\\xampp\\htdocs\\InfiniteWellnessPk\\app\\helpers.php:31) at C:\\xampp\\htdocs\\InfiniteWellnessPk\\app\\helpers.php:29)
[stacktrace]
#0 {main}
"} 
[2023-12-13 01:41:11] local.ERROR: Cannot redeclare getLoggedInUserId() (previously declared in C:\xampp\htdocs\InfiniteWellnessPk\app\helpers.php:31) {"exception":"[object] (Symfony\\Component\\ErrorHandler\\Error\\FatalError(code: 0): Cannot redeclare getLoggedInUserId() (previously declared in C:\\xampp\\htdocs\\InfiniteWellnessPk\\app\\helpers.php:31) at C:\\xampp\\htdocs\\InfiniteWellnessPk\\app\\helpers.php:29)
[stacktrace]
#0 {main}
"} 
[2023-12-13 01:42:11] local.ERROR: Cannot redeclare getLoggedInUserId() (previously declared in C:\xampp\htdocs\InfiniteWellnessPk\app\helpers.php:31) {"exception":"[object] (Symfony\\Component\\ErrorHandler\\Error\\FatalError(code: 0): Cannot redeclare getLoggedInUserId() (previously declared in C:\\xampp\\htdocs\\InfiniteWellnessPk\\app\\helpers.php:31) at C:\\xampp\\htdocs\\InfiniteWellnessPk\\app\\helpers.php:29)
[stacktrace]
#0 {main}
"} 
[2023-12-13 01:43:11] local.ERROR: Cannot redeclare getLoggedInUserId() (previously declared in C:\xampp\htdocs\InfiniteWellnessPk\app\helpers.php:31) {"exception":"[object] (Symfony\\Component\\ErrorHandler\\Error\\FatalError(code: 0): Cannot redeclare getLoggedInUserId() (previously declared in C:\\xampp\\htdocs\\InfiniteWellnessPk\\app\\helpers.php:31) at C:\\xampp\\htdocs\\InfiniteWellnessPk\\app\\helpers.php:29)
[stacktrace]
#0 {main}
"} 
[2023-12-13 01:44:11] local.ERROR: Cannot redeclare getLoggedInUserId() (previously declared in C:\xampp\htdocs\InfiniteWellnessPk\app\helpers.php:31) {"exception":"[object] (Symfony\\Component\\ErrorHandler\\Error\\FatalError(code: 0): Cannot redeclare getLoggedInUserId() (previously declared in C:\\xampp\\htdocs\\InfiniteWellnessPk\\app\\helpers.php:31) at C:\\xampp\\htdocs\\InfiniteWellnessPk\\app\\helpers.php:29)
[stacktrace]
#0 {main}
"} 
[2023-12-13 01:45:11] local.ERROR: Cannot redeclare getLoggedInUserId() (previously declared in C:\xampp\htdocs\InfiniteWellnessPk\app\helpers.php:31) {"exception":"[object] (Symfony\\Component\\ErrorHandler\\Error\\FatalError(code: 0): Cannot redeclare getLoggedInUserId() (previously declared in C:\\xampp\\htdocs\\InfiniteWellnessPk\\app\\helpers.php:31) at C:\\xampp\\htdocs\\InfiniteWellnessPk\\app\\helpers.php:29)
[stacktrace]
#0 {main}
"} 
[2023-12-13 01:46:11] local.ERROR: Cannot redeclare getLoggedInUserId() (previously declared in C:\xampp\htdocs\InfiniteWellnessPk\app\helpers.php:31) {"exception":"[object] (Symfony\\Component\\ErrorHandler\\Error\\FatalError(code: 0): Cannot redeclare getLoggedInUserId() (previously declared in C:\\xampp\\htdocs\\InfiniteWellnessPk\\app\\helpers.php:31) at C:\\xampp\\htdocs\\InfiniteWellnessPk\\app\\helpers.php:29)
[stacktrace]
#0 {main}
"} 
[2023-12-13 01:47:11] local.ERROR: Cannot redeclare getLoggedInUserId() (previously declared in C:\xampp\htdocs\InfiniteWellnessPk\app\helpers.php:31) {"exception":"[object] (Symfony\\Component\\ErrorHandler\\Error\\FatalError(code: 0): Cannot redeclare getLoggedInUserId() (previously declared in C:\\xampp\\htdocs\\InfiniteWellnessPk\\app\\helpers.php:31) at C:\\xampp\\htdocs\\InfiniteWellnessPk\\app\\helpers.php:29)
[stacktrace]
#0 {main}
"} 
[2023-12-13 01:48:11] local.ERROR: Cannot redeclare getLoggedInUserId() (previously declared in C:\xampp\htdocs\InfiniteWellnessPk\app\helpers.php:31) {"exception":"[object] (Symfony\\Component\\ErrorHandler\\Error\\FatalError(code: 0): Cannot redeclare getLoggedInUserId() (previously declared in C:\\xampp\\htdocs\\InfiniteWellnessPk\\app\\helpers.php:31) at C:\\xampp\\htdocs\\InfiniteWellnessPk\\app\\helpers.php:29)
[stacktrace]
#0 {main}
"} 
[2023-12-13 01:49:11] local.ERROR: Cannot redeclare getLoggedInUserId() (previously declared in C:\xampp\htdocs\InfiniteWellnessPk\app\helpers.php:31) {"exception":"[object] (Symfony\\Component\\ErrorHandler\\Error\\FatalError(code: 0): Cannot redeclare getLoggedInUserId() (previously declared in C:\\xampp\\htdocs\\InfiniteWellnessPk\\app\\helpers.php:31) at C:\\xampp\\htdocs\\InfiniteWellnessPk\\app\\helpers.php:29)
[stacktrace]
#0 {main}
"} 
[2023-12-13 01:50:11] local.ERROR: Cannot redeclare getLoggedInUserId() (previously declared in C:\xampp\htdocs\InfiniteWellnessPk\app\helpers.php:31) {"exception":"[object] (Symfony\\Component\\ErrorHandler\\Error\\FatalError(code: 0): Cannot redeclare getLoggedInUserId() (previously declared in C:\\xampp\\htdocs\\InfiniteWellnessPk\\app\\helpers.php:31) at C:\\xampp\\htdocs\\InfiniteWellnessPk\\app\\helpers.php:29)
[stacktrace]
#0 {main}
"} 
[2023-12-13 01:51:11] local.ERROR: Cannot redeclare getLoggedInUserId() (previously declared in C:\xampp\htdocs\InfiniteWellnessPk\app\helpers.php:31) {"exception":"[object] (Symfony\\Component\\ErrorHandler\\Error\\FatalError(code: 0): Cannot redeclare getLoggedInUserId() (previously declared in C:\\xampp\\htdocs\\InfiniteWellnessPk\\app\\helpers.php:31) at C:\\xampp\\htdocs\\InfiniteWellnessPk\\app\\helpers.php:29)
[stacktrace]
#0 {main}
"} 
[2023-12-13 01:52:11] local.ERROR: Cannot redeclare getLoggedInUserId() (previously declared in C:\xampp\htdocs\InfiniteWellnessPk\app\helpers.php:31) {"exception":"[object] (Symfony\\Component\\ErrorHandler\\Error\\FatalError(code: 0): Cannot redeclare getLoggedInUserId() (previously declared in C:\\xampp\\htdocs\\InfiniteWellnessPk\\app\\helpers.php:31) at C:\\xampp\\htdocs\\InfiniteWellnessPk\\app\\helpers.php:29)
[stacktrace]
#0 {main}
"} 
[2023-12-13 01:53:11] local.ERROR: Cannot redeclare getLoggedInUserId() (previously declared in C:\xampp\htdocs\InfiniteWellnessPk\app\helpers.php:31) {"exception":"[object] (Symfony\\Component\\ErrorHandler\\Error\\FatalError(code: 0): Cannot redeclare getLoggedInUserId() (previously declared in C:\\xampp\\htdocs\\InfiniteWellnessPk\\app\\helpers.php:31) at C:\\xampp\\htdocs\\InfiniteWellnessPk\\app\\helpers.php:29)
[stacktrace]
#0 {main}
"} 
[2023-12-13 01:54:11] local.ERROR: Cannot redeclare getLoggedInUserId() (previously declared in C:\xampp\htdocs\InfiniteWellnessPk\app\helpers.php:31) {"exception":"[object] (Symfony\\Component\\ErrorHandler\\Error\\FatalError(code: 0): Cannot redeclare getLoggedInUserId() (previously declared in C:\\xampp\\htdocs\\InfiniteWellnessPk\\app\\helpers.php:31) at C:\\xampp\\htdocs\\InfiniteWellnessPk\\app\\helpers.php:29)
[stacktrace]
#0 {main}
"} 
[2023-12-13 01:55:11] local.ERROR: Cannot redeclare getLoggedInUserId() (previously declared in C:\xampp\htdocs\InfiniteWellnessPk\app\helpers.php:31) {"exception":"[object] (Symfony\\Component\\ErrorHandler\\Error\\FatalError(code: 0): Cannot redeclare getLoggedInUserId() (previously declared in C:\\xampp\\htdocs\\InfiniteWellnessPk\\app\\helpers.php:31) at C:\\xampp\\htdocs\\InfiniteWellnessPk\\app\\helpers.php:29)
[stacktrace]
#0 {main}
"} 
[2023-12-13 01:56:11] local.ERROR: Cannot redeclare getLoggedInUserId() (previously declared in C:\xampp\htdocs\InfiniteWellnessPk\app\helpers.php:31) {"exception":"[object] (Symfony\\Component\\ErrorHandler\\Error\\FatalError(code: 0): Cannot redeclare getLoggedInUserId() (previously declared in C:\\xampp\\htdocs\\InfiniteWellnessPk\\app\\helpers.php:31) at C:\\xampp\\htdocs\\InfiniteWellnessPk\\app\\helpers.php:29)
[stacktrace]
#0 {main}
"} 
[2023-12-13 01:57:11] local.ERROR: Cannot redeclare getLoggedInUserId() (previously declared in C:\xampp\htdocs\InfiniteWellnessPk\app\helpers.php:31) {"exception":"[object] (Symfony\\Component\\ErrorHandler\\Error\\FatalError(code: 0): Cannot redeclare getLoggedInUserId() (previously declared in C:\\xampp\\htdocs\\InfiniteWellnessPk\\app\\helpers.php:31) at C:\\xampp\\htdocs\\InfiniteWellnessPk\\app\\helpers.php:29)
[stacktrace]
#0 {main}
"} 
[2023-12-13 01:58:11] local.ERROR: Cannot redeclare getLoggedInUserId() (previously declared in C:\xampp\htdocs\InfiniteWellnessPk\app\helpers.php:31) {"exception":"[object] (Symfony\\Component\\ErrorHandler\\Error\\FatalError(code: 0): Cannot redeclare getLoggedInUserId() (previously declared in C:\\xampp\\htdocs\\InfiniteWellnessPk\\app\\helpers.php:31) at C:\\xampp\\htdocs\\InfiniteWellnessPk\\app\\helpers.php:29)
[stacktrace]
#0 {main}
"} 
[2023-12-13 01:59:11] local.ERROR: Cannot redeclare getLoggedInUserId() (previously declared in C:\xampp\htdocs\InfiniteWellnessPk\app\helpers.php:31) {"exception":"[object] (Symfony\\Component\\ErrorHandler\\Error\\FatalError(code: 0): Cannot redeclare getLoggedInUserId() (previously declared in C:\\xampp\\htdocs\\InfiniteWellnessPk\\app\\helpers.php:31) at C:\\xampp\\htdocs\\InfiniteWellnessPk\\app\\helpers.php:29)
[stacktrace]
#0 {main}
"} 
[2023-12-13 02:00:11] local.ERROR: Cannot redeclare getLoggedInUserId() (previously declared in C:\xampp\htdocs\InfiniteWellnessPk\app\helpers.php:31) {"exception":"[object] (Symfony\\Component\\ErrorHandler\\Error\\FatalError(code: 0): Cannot redeclare getLoggedInUserId() (previously declared in C:\\xampp\\htdocs\\InfiniteWellnessPk\\app\\helpers.php:31) at C:\\xampp\\htdocs\\InfiniteWellnessPk\\app\\helpers.php:29)
[stacktrace]
#0 {main}
"} 
[2023-12-13 02:01:11] local.ERROR: Cannot redeclare getLoggedInUserId() (previously declared in C:\xampp\htdocs\InfiniteWellnessPk\app\helpers.php:31) {"exception":"[object] (Symfony\\Component\\ErrorHandler\\Error\\FatalError(code: 0): Cannot redeclare getLoggedInUserId() (previously declared in C:\\xampp\\htdocs\\InfiniteWellnessPk\\app\\helpers.php:31) at C:\\xampp\\htdocs\\InfiniteWellnessPk\\app\\helpers.php:29)
[stacktrace]
#0 {main}
"} 
[2023-12-13 02:02:11] local.ERROR: Cannot redeclare getLoggedInUserId() (previously declared in C:\xampp\htdocs\InfiniteWellnessPk\app\helpers.php:31) {"exception":"[object] (Symfony\\Component\\ErrorHandler\\Error\\FatalError(code: 0): Cannot redeclare getLoggedInUserId() (previously declared in C:\\xampp\\htdocs\\InfiniteWellnessPk\\app\\helpers.php:31) at C:\\xampp\\htdocs\\InfiniteWellnessPk\\app\\helpers.php:29)
[stacktrace]
#0 {main}
"} 
[2023-12-13 02:03:11] local.ERROR: Cannot redeclare getLoggedInUserId() (previously declared in C:\xampp\htdocs\InfiniteWellnessPk\app\helpers.php:31) {"exception":"[object] (Symfony\\Component\\ErrorHandler\\Error\\FatalError(code: 0): Cannot redeclare getLoggedInUserId() (previously declared in C:\\xampp\\htdocs\\InfiniteWellnessPk\\app\\helpers.php:31) at C:\\xampp\\htdocs\\InfiniteWellnessPk\\app\\helpers.php:29)
[stacktrace]
#0 {main}
"} 
[2023-12-13 02:04:11] local.ERROR: Cannot redeclare getLoggedInUserId() (previously declared in C:\xampp\htdocs\InfiniteWellnessPk\app\helpers.php:31) {"exception":"[object] (Symfony\\Component\\ErrorHandler\\Error\\FatalError(code: 0): Cannot redeclare getLoggedInUserId() (previously declared in C:\\xampp\\htdocs\\InfiniteWellnessPk\\app\\helpers.php:31) at C:\\xampp\\htdocs\\InfiniteWellnessPk\\app\\helpers.php:29)
[stacktrace]
#0 {main}
"} 
[2023-12-13 02:05:12] local.ERROR: Cannot redeclare getLoggedInUserId() (previously declared in C:\xampp\htdocs\InfiniteWellnessPk\app\helpers.php:31) {"exception":"[object] (Symfony\\Component\\ErrorHandler\\Error\\FatalError(code: 0): Cannot redeclare getLoggedInUserId() (previously declared in C:\\xampp\\htdocs\\InfiniteWellnessPk\\app\\helpers.php:31) at C:\\xampp\\htdocs\\InfiniteWellnessPk\\app\\helpers.php:29)
[stacktrace]
#0 {main}
"} 
[2023-12-13 02:06:12] local.ERROR: Cannot redeclare getLoggedInUserId() (previously declared in C:\xampp\htdocs\InfiniteWellnessPk\app\helpers.php:31) {"exception":"[object] (Symfony\\Component\\ErrorHandler\\Error\\FatalError(code: 0): Cannot redeclare getLoggedInUserId() (previously declared in C:\\xampp\\htdocs\\InfiniteWellnessPk\\app\\helpers.php:31) at C:\\xampp\\htdocs\\InfiniteWellnessPk\\app\\helpers.php:29)
[stacktrace]
#0 {main}
"} 
[2023-12-13 02:07:11] local.ERROR: Cannot redeclare getLoggedInUserId() (previously declared in C:\xampp\htdocs\InfiniteWellnessPk\app\helpers.php:31) {"exception":"[object] (Symfony\\Component\\ErrorHandler\\Error\\FatalError(code: 0): Cannot redeclare getLoggedInUserId() (previously declared in C:\\xampp\\htdocs\\InfiniteWellnessPk\\app\\helpers.php:31) at C:\\xampp\\htdocs\\InfiniteWellnessPk\\app\\helpers.php:29)
[stacktrace]
#0 {main}
"} 
[2023-12-13 02:08:11] local.ERROR: Cannot redeclare getLoggedInUserId() (previously declared in C:\xampp\htdocs\InfiniteWellnessPk\app\helpers.php:31) {"exception":"[object] (Symfony\\Component\\ErrorHandler\\Error\\FatalError(code: 0): Cannot redeclare getLoggedInUserId() (previously declared in C:\\xampp\\htdocs\\InfiniteWellnessPk\\app\\helpers.php:31) at C:\\xampp\\htdocs\\InfiniteWellnessPk\\app\\helpers.php:29)
[stacktrace]
#0 {main}
"} 
[2023-12-13 02:09:11] local.ERROR: Cannot redeclare getLoggedInUserId() (previously declared in C:\xampp\htdocs\InfiniteWellnessPk\app\helpers.php:31) {"exception":"[object] (Symfony\\Component\\ErrorHandler\\Error\\FatalError(code: 0): Cannot redeclare getLoggedInUserId() (previously declared in C:\\xampp\\htdocs\\InfiniteWellnessPk\\app\\helpers.php:31) at C:\\xampp\\htdocs\\InfiniteWellnessPk\\app\\helpers.php:29)
[stacktrace]
#0 {main}
"} 
[2023-12-13 02:10:12] local.ERROR: Cannot redeclare getLoggedInUserId() (previously declared in C:\xampp\htdocs\InfiniteWellnessPk\app\helpers.php:31) {"exception":"[object] (Symfony\\Component\\ErrorHandler\\Error\\FatalError(code: 0): Cannot redeclare getLoggedInUserId() (previously declared in C:\\xampp\\htdocs\\InfiniteWellnessPk\\app\\helpers.php:31) at C:\\xampp\\htdocs\\InfiniteWellnessPk\\app\\helpers.php:29)
[stacktrace]
#0 {main}
"} 
[2023-12-13 02:11:11] local.ERROR: Cannot redeclare getLoggedInUserId() (previously declared in C:\xampp\htdocs\InfiniteWellnessPk\app\helpers.php:31) {"exception":"[object] (Symfony\\Component\\ErrorHandler\\Error\\FatalError(code: 0): Cannot redeclare getLoggedInUserId() (previously declared in C:\\xampp\\htdocs\\InfiniteWellnessPk\\app\\helpers.php:31) at C:\\xampp\\htdocs\\InfiniteWellnessPk\\app\\helpers.php:29)
[stacktrace]
#0 {main}
"} 
[2023-12-13 02:12:11] local.ERROR: Cannot redeclare getLoggedInUserId() (previously declared in C:\xampp\htdocs\InfiniteWellnessPk\app\helpers.php:31) {"exception":"[object] (Symfony\\Component\\ErrorHandler\\Error\\FatalError(code: 0): Cannot redeclare getLoggedInUserId() (previously declared in C:\\xampp\\htdocs\\InfiniteWellnessPk\\app\\helpers.php:31) at C:\\xampp\\htdocs\\InfiniteWellnessPk\\app\\helpers.php:29)
[stacktrace]
#0 {main}
"} 
[2023-12-13 02:13:12] local.ERROR: Cannot redeclare getLoggedInUserId() (previously declared in C:\xampp\htdocs\InfiniteWellnessPk\app\helpers.php:31) {"exception":"[object] (Symfony\\Component\\ErrorHandler\\Error\\FatalError(code: 0): Cannot redeclare getLoggedInUserId() (previously declared in C:\\xampp\\htdocs\\InfiniteWellnessPk\\app\\helpers.php:31) at C:\\xampp\\htdocs\\InfiniteWellnessPk\\app\\helpers.php:29)
[stacktrace]
#0 {main}
"} 
[2023-12-13 02:14:12] local.ERROR: Cannot redeclare getLoggedInUserId() (previously declared in C:\xampp\htdocs\InfiniteWellnessPk\app\helpers.php:31) {"exception":"[object] (Symfony\\Component\\ErrorHandler\\Error\\FatalError(code: 0): Cannot redeclare getLoggedInUserId() (previously declared in C:\\xampp\\htdocs\\InfiniteWellnessPk\\app\\helpers.php:31) at C:\\xampp\\htdocs\\InfiniteWellnessPk\\app\\helpers.php:29)
[stacktrace]
#0 {main}
"} 
[2023-12-13 02:15:11] local.ERROR: Cannot redeclare getLoggedInUserId() (previously declared in C:\xampp\htdocs\InfiniteWellnessPk\app\helpers.php:31) {"exception":"[object] (Symfony\\Component\\ErrorHandler\\Error\\FatalError(code: 0): Cannot redeclare getLoggedInUserId() (previously declared in C:\\xampp\\htdocs\\InfiniteWellnessPk\\app\\helpers.php:31) at C:\\xampp\\htdocs\\InfiniteWellnessPk\\app\\helpers.php:29)
[stacktrace]
#0 {main}
"} 
[2023-12-13 02:16:13] local.ERROR: Cannot redeclare getLoggedInUserId() (previously declared in C:\xampp\htdocs\InfiniteWellnessPk\app\helpers.php:31) {"exception":"[object] (Symfony\\Component\\ErrorHandler\\Error\\FatalError(code: 0): Cannot redeclare getLoggedInUserId() (previously declared in C:\\xampp\\htdocs\\InfiniteWellnessPk\\app\\helpers.php:31) at C:\\xampp\\htdocs\\InfiniteWellnessPk\\app\\helpers.php:29)
[stacktrace]
#0 {main}
"} 
[2023-12-13 02:17:12] local.ERROR: Cannot redeclare getLoggedInUserId() (previously declared in C:\xampp\htdocs\InfiniteWellnessPk\app\helpers.php:31) {"exception":"[object] (Symfony\\Component\\ErrorHandler\\Error\\FatalError(code: 0): Cannot redeclare getLoggedInUserId() (previously declared in C:\\xampp\\htdocs\\InfiniteWellnessPk\\app\\helpers.php:31) at C:\\xampp\\htdocs\\InfiniteWellnessPk\\app\\helpers.php:29)
[stacktrace]
#0 {main}
"} 
[2023-12-13 02:18:12] local.ERROR: Cannot redeclare getLoggedInUserId() (previously declared in C:\xampp\htdocs\InfiniteWellnessPk\app\helpers.php:31) {"exception":"[object] (Symfony\\Component\\ErrorHandler\\Error\\FatalError(code: 0): Cannot redeclare getLoggedInUserId() (previously declared in C:\\xampp\\htdocs\\InfiniteWellnessPk\\app\\helpers.php:31) at C:\\xampp\\htdocs\\InfiniteWellnessPk\\app\\helpers.php:29)
[stacktrace]
#0 {main}
"} 
